-- Found ament_cmake: 2.5.6 (/opt/ros/jazzy/share/ament_cmake/cmake)
-- Found rclcpp: 28.1.18 (/opt/ros/jazzy/share/rclcpp/cmake)
-- Found rosidl_generator_c: 4.6.7 (/opt/ros/jazzy/share/rosidl_generator_c/cmake)
-- Found rosidl_generator_cpp: 4.6.7 (/opt/ros/jazzy/share/rosidl_generator_cpp/cmake)
-- Using all available rosidl_typesupport_c: rosidl_typesupport_fastrtps_c;rosidl_typesupport_introspection_c
-- Using all available rosidl_typesupport_cpp: rosidl_typesupport_fastrtps_cpp;rosidl_typesupport_introspection_cpp
-- Found rmw_implementation_cmake: 7.3.3 (/opt/ros/jazzy/share/rmw_implementation_cmake/cmake)
-- Found rmw_fastrtps_cpp: 8.4.3 (/opt/ros/jazzy/share/rmw_fastrtps_cpp/cmake)
-- Using RMW implementation 'rmw_fastrtps_cpp' as default
-- Found rclpy: 7.1.11 (/opt/ros/jazzy/share/rclpy/cmake)
-- Found std_msgs: 5.3.7 (/opt/ros/jazzy/share/std_msgs/cmake)
-- Found sensor_msgs: 5.3.7 (/opt/ros/jazzy/share/sensor_msgs/cmake)
-- Found ament_lint_auto: 0.17.5 (/opt/ros/jazzy/share/ament_lint_auto/cmake)
-- Added test 'flake8' to check Python code syntax and style conventions
-- Configured 'flake8' exclude dirs and/or files: 
-- Added test 'lint_cmake' to check CMake code style
-- Added test 'pep257' to check Python code against some of the docstring style conventions in PEP 257
-- Added test 'xmllint' to check XML markup files
-- Configuring done (0.4s)
-- Generating done (0.0s)
-- Build files have been written to: /workspace/ros2_ws/build/phantomx_package
Built target ament_cmake_python_copy_phantomx_package
running egg_info
writing phantomx_package.egg-info/PKG-INFO
writing dependency_links to phantomx_package.egg-info/dependency_links.txt
writing top-level names to phantomx_package.egg-info/top_level.txt
reading manifest file 'phantomx_package.egg-info/SOURCES.txt'
writing manifest file 'phantomx_package.egg-info/SOURCES.txt'
Built target ament_cmake_python_build_phantomx_package_egg
-- Install configuration: ""
-- Up-to-date: /workspace/ros2_ws/install/phantomx_package/share/phantomx_package/environment/pythonpath.sh
-- Up-to-date: /workspace/ros2_ws/install/phantomx_package/share/phantomx_package/environment/pythonpath.dsv
-- Up-to-date: /workspace/ros2_ws/install/phantomx_package/lib/python3.12/site-packages/phantomx_package-0.0.0-py3.12.egg-info
-- Installing: /workspace/ros2_ws/install/phantomx_package/lib/python3.12/site-packages/phantomx_package-0.0.0-py3.12.egg-info/SOURCES.txt
-- Installing: /workspace/ros2_ws/install/phantomx_package/lib/python3.12/site-packages/phantomx_package-0.0.0-py3.12.egg-info/top_level.txt
-- Installing: /workspace/ros2_ws/install/phantomx_package/lib/python3.12/site-packages/phantomx_package-0.0.0-py3.12.egg-info/PKG-INFO
-- Installing: /workspace/ros2_ws/install/phantomx_package/lib/python3.12/site-packages/phantomx_package-0.0.0-py3.12.egg-info/dependency_links.txt
-- Up-to-date: /workspace/ros2_ws/install/phantomx_package/lib/python3.12/site-packages/phantomx_package
-- Up-to-date: /workspace/ros2_ws/install/phantomx_package/lib/python3.12/site-packages/phantomx_package/__init__.py
Listing '/workspace/ros2_ws/install/phantomx_package/lib/python3.12/site-packages/phantomx_package'...
-- Up-to-date: /workspace/ros2_ws/install/phantomx_package/lib/phantomx_package/phantomx_node_single_joint.py
-- Up-to-date: /workspace/ros2_ws/install/phantomx_package/lib/phantomx_package/phantomx_node_multi_joints.py
-- Up-to-date: /workspace/ros2_ws/install/phantomx_package/lib/phantomx_package/phantomx_apply_policy.py
-- Installing: /workspace/ros2_ws/install/phantomx_package/lib/phantomx_package/launch_phantomx_policycontroll.launch.py
-- Up-to-date: /workspace/ros2_ws/install/phantomx_package/share/ament_index/resource_index/package_run_dependencies/phantomx_package
-- Up-to-date: /workspace/ros2_ws/install/phantomx_package/share/ament_index/resource_index/parent_prefix_path/phantomx_package
-- Up-to-date: /workspace/ros2_ws/install/phantomx_package/share/phantomx_package/environment/ament_prefix_path.sh
-- Up-to-date: /workspace/ros2_ws/install/phantomx_package/share/phantomx_package/environment/ament_prefix_path.dsv
-- Up-to-date: /workspace/ros2_ws/install/phantomx_package/share/phantomx_package/environment/path.sh
-- Up-to-date: /workspace/ros2_ws/install/phantomx_package/share/phantomx_package/environment/path.dsv
-- Up-to-date: /workspace/ros2_ws/install/phantomx_package/share/phantomx_package/local_setup.bash
-- Up-to-date: /workspace/ros2_ws/install/phantomx_package/share/phantomx_package/local_setup.sh
-- Up-to-date: /workspace/ros2_ws/install/phantomx_package/share/phantomx_package/local_setup.zsh
-- Up-to-date: /workspace/ros2_ws/install/phantomx_package/share/phantomx_package/local_setup.dsv
-- Installing: /workspace/ros2_ws/install/phantomx_package/share/phantomx_package/package.dsv
-- Up-to-date: /workspace/ros2_ws/install/phantomx_package/share/ament_index/resource_index/packages/phantomx_package
-- Up-to-date: /workspace/ros2_ws/install/phantomx_package/share/phantomx_package/cmake/phantomx_packageConfig.cmake
-- Up-to-date: /workspace/ros2_ws/install/phantomx_package/share/phantomx_package/cmake/phantomx_packageConfig-version.cmake
-- Up-to-date: /workspace/ros2_ws/install/phantomx_package/share/phantomx_package/package.xml
