[0.058s] DEBUG:colcon:Command line arguments: ['/usr/bin/colcon', 'build']
[0.058s] DEBUG:colcon:Parsed command line arguments: Namespace(log_base=None, log_level=None, verb_name='build', build_base='build', install_base='install', merge_install=False, symlink_install=False, test_result_base=None, continue_on_error=False, executor='parallel', parallel_workers=16, event_handlers=None, ignore_user_meta=False, metas=['./colcon.meta'], base_paths=['.'], packages_ignore=None, packages_ignore_regex=None, paths=None, packages_up_to=None, packages_up_to_regex=None, packages_above=None, packages_above_and_dependencies=None, packages_above_depth=None, packages_select_by_dep=None, packages_skip_by_dep=None, packages_skip_up_to=None, packages_select_build_failed=False, packages_skip_build_finished=False, packages_select_test_failures=False, packages_skip_test_passed=False, packages_select=None, packages_skip=None, packages_select_regex=None, packages_skip_regex=None, packages_start=None, packages_end=None, cmake_args=None, cmake_target=None, cmake_target_skip_unavailable=False, cmake_clean_cache=False, cmake_clean_first=False, cmake_force_configure=False, ament_cmake_args=None, catkin_cmake_args=None, catkin_skip_building_tests=False, mixin_files=None, mixin=None, verb_parser=<colcon_mixin.mixin.mixin_argument.MixinArgumentDecorator object at 0x703f5169d190>, verb_extension=<colcon_core.verb.build.BuildVerb object at 0x703f5169d160>, main=<bound method BuildVerb.main of <colcon_core.verb.build.BuildVerb object at 0x703f5169d160>>, mixin_verb=('build',))
[0.081s] Level 1:colcon.colcon_core.package_discovery:discover_packages(colcon_meta) check parameters
[0.081s] Level 1:colcon.colcon_core.package_discovery:discover_packages(recursive) check parameters
[0.081s] Level 1:colcon.colcon_core.package_discovery:discover_packages(ignore) check parameters
[0.081s] Level 1:colcon.colcon_core.package_discovery:discover_packages(path) check parameters
[0.081s] Level 1:colcon.colcon_core.package_discovery:discover_packages(colcon_meta) discover
[0.082s] Level 1:colcon.colcon_core.package_discovery:discover_packages(recursive) discover
[0.082s] INFO:colcon.colcon_core.package_discovery:Crawling recursively for packages in '/workspace/ros2_ws'
[0.082s] Level 1:colcon.colcon_core.package_identification:_identify(.) by extensions ['ignore', 'ignore_ament_install']
[0.082s] Level 1:colcon.colcon_core.package_identification:_identify(.) by extension 'ignore'
[0.082s] Level 1:colcon.colcon_core.package_identification:_identify(.) by extension 'ignore_ament_install'
[0.082s] Level 1:colcon.colcon_core.package_identification:_identify(.) by extensions ['colcon_pkg']
[0.082s] Level 1:colcon.colcon_core.package_identification:_identify(.) by extension 'colcon_pkg'
[0.082s] Level 1:colcon.colcon_core.package_identification:_identify(.) by extensions ['colcon_meta']
[0.082s] Level 1:colcon.colcon_core.package_identification:_identify(.) by extension 'colcon_meta'
[0.082s] Level 1:colcon.colcon_core.package_identification:_identify(.) by extensions ['ros']
[0.082s] Level 1:colcon.colcon_core.package_identification:_identify(.) by extension 'ros'
[0.096s] Level 1:colcon.colcon_core.package_identification:_identify(.) by extensions ['cmake', 'python']
[0.096s] Level 1:colcon.colcon_core.package_identification:_identify(.) by extension 'cmake'
[0.096s] Level 1:colcon.colcon_core.package_identification:_identify(.) by extension 'python'
[0.096s] Level 1:colcon.colcon_core.package_identification:_identify(.) by extensions ['python_setup_py']
[0.096s] Level 1:colcon.colcon_core.package_identification:_identify(.) by extension 'python_setup_py'
[0.096s] Level 1:colcon.colcon_core.package_identification:_identify(build) by extensions ['ignore', 'ignore_ament_install']
[0.096s] Level 1:colcon.colcon_core.package_identification:_identify(build) by extension 'ignore'
[0.096s] Level 1:colcon.colcon_core.package_identification:_identify(build) ignored
[0.096s] Level 1:colcon.colcon_core.package_identification:_identify(install) by extensions ['ignore', 'ignore_ament_install']
[0.096s] Level 1:colcon.colcon_core.package_identification:_identify(install) by extension 'ignore'
[0.096s] Level 1:colcon.colcon_core.package_identification:_identify(install) ignored
[0.097s] Level 1:colcon.colcon_core.package_identification:_identify(log) by extensions ['ignore', 'ignore_ament_install']
[0.097s] Level 1:colcon.colcon_core.package_identification:_identify(log) by extension 'ignore'
[0.097s] Level 1:colcon.colcon_core.package_identification:_identify(log) ignored
[0.097s] Level 1:colcon.colcon_core.package_identification:_identify(src) by extensions ['ignore', 'ignore_ament_install']
[0.097s] Level 1:colcon.colcon_core.package_identification:_identify(src) by extension 'ignore'
[0.097s] Level 1:colcon.colcon_core.package_identification:_identify(src) by extension 'ignore_ament_install'
[0.097s] Level 1:colcon.colcon_core.package_identification:_identify(src) by extensions ['colcon_pkg']
[0.097s] Level 1:colcon.colcon_core.package_identification:_identify(src) by extension 'colcon_pkg'
[0.097s] Level 1:colcon.colcon_core.package_identification:_identify(src) by extensions ['colcon_meta']
[0.097s] Level 1:colcon.colcon_core.package_identification:_identify(src) by extension 'colcon_meta'
[0.097s] Level 1:colcon.colcon_core.package_identification:_identify(src) by extensions ['ros']
[0.097s] Level 1:colcon.colcon_core.package_identification:_identify(src) by extension 'ros'
[0.097s] Level 1:colcon.colcon_core.package_identification:_identify(src) by extensions ['cmake', 'python']
[0.097s] Level 1:colcon.colcon_core.package_identification:_identify(src) by extension 'cmake'
[0.097s] Level 1:colcon.colcon_core.package_identification:_identify(src) by extension 'python'
[0.097s] Level 1:colcon.colcon_core.package_identification:_identify(src) by extensions ['python_setup_py']
[0.097s] Level 1:colcon.colcon_core.package_identification:_identify(src) by extension 'python_setup_py'
[0.097s] Level 1:colcon.colcon_core.package_identification:_identify(src/phantomx_package) by extensions ['ignore', 'ignore_ament_install']
[0.097s] Level 1:colcon.colcon_core.package_identification:_identify(src/phantomx_package) by extension 'ignore'
[0.097s] Level 1:colcon.colcon_core.package_identification:_identify(src/phantomx_package) by extension 'ignore_ament_install'
[0.097s] Level 1:colcon.colcon_core.package_identification:_identify(src/phantomx_package) by extensions ['colcon_pkg']
[0.097s] Level 1:colcon.colcon_core.package_identification:_identify(src/phantomx_package) by extension 'colcon_pkg'
[0.097s] Level 1:colcon.colcon_core.package_identification:_identify(src/phantomx_package) by extensions ['colcon_meta']
[0.097s] Level 1:colcon.colcon_core.package_identification:_identify(src/phantomx_package) by extension 'colcon_meta'
[0.097s] Level 1:colcon.colcon_core.package_identification:_identify(src/phantomx_package) by extensions ['ros']
[0.097s] Level 1:colcon.colcon_core.package_identification:_identify(src/phantomx_package) by extension 'ros'
[0.099s] DEBUG:colcon.colcon_core.package_identification:Package 'src/phantomx_package' with type 'ros.ament_cmake' and name 'phantomx_package'
[0.099s] Level 1:colcon.colcon_core.package_discovery:discover_packages(recursive) using defaults
[0.099s] Level 1:colcon.colcon_core.package_discovery:discover_packages(ignore) discover
[0.099s] Level 1:colcon.colcon_core.package_discovery:discover_packages(ignore) using defaults
[0.099s] Level 1:colcon.colcon_core.package_discovery:discover_packages(path) discover
[0.099s] Level 1:colcon.colcon_core.package_discovery:discover_packages(path) using defaults
[0.108s] Level 5:colcon.colcon_core.verb:set package 'phantomx_package' build argument 'cmake_args' from command line to 'None'
[0.108s] Level 5:colcon.colcon_core.verb:set package 'phantomx_package' build argument 'cmake_target' from command line to 'None'
[0.108s] Level 5:colcon.colcon_core.verb:set package 'phantomx_package' build argument 'cmake_target_skip_unavailable' from command line to 'False'
[0.108s] Level 5:colcon.colcon_core.verb:set package 'phantomx_package' build argument 'cmake_clean_cache' from command line to 'False'
[0.108s] Level 5:colcon.colcon_core.verb:set package 'phantomx_package' build argument 'cmake_clean_first' from command line to 'False'
[0.108s] Level 5:colcon.colcon_core.verb:set package 'phantomx_package' build argument 'cmake_force_configure' from command line to 'False'
[0.108s] Level 5:colcon.colcon_core.verb:set package 'phantomx_package' build argument 'ament_cmake_args' from command line to 'None'
[0.108s] Level 5:colcon.colcon_core.verb:set package 'phantomx_package' build argument 'catkin_cmake_args' from command line to 'None'
[0.108s] Level 5:colcon.colcon_core.verb:set package 'phantomx_package' build argument 'catkin_skip_building_tests' from command line to 'False'
[0.108s] DEBUG:colcon.colcon_core.verb:Building package 'phantomx_package' with the following arguments: {'ament_cmake_args': None, 'build_base': '/workspace/ros2_ws/build/phantomx_package', 'catkin_cmake_args': None, 'catkin_skip_building_tests': False, 'cmake_args': None, 'cmake_clean_cache': False, 'cmake_clean_first': False, 'cmake_force_configure': False, 'cmake_target': None, 'cmake_target_skip_unavailable': False, 'install_base': '/workspace/ros2_ws/install/phantomx_package', 'merge_install': False, 'path': '/workspace/ros2_ws/src/phantomx_package', 'symlink_install': False, 'test_result_base': None}
[0.108s] INFO:colcon.colcon_core.executor:Executing jobs using 'parallel' executor
[0.109s] DEBUG:colcon.colcon_parallel_executor.executor.parallel:run_until_complete
[0.109s] INFO:colcon.colcon_ros.task.ament_cmake.build:Building ROS package in '/workspace/ros2_ws/src/phantomx_package' with build type 'ament_cmake'
[0.109s] INFO:colcon.colcon_cmake.task.cmake.build:Building CMake package in '/workspace/ros2_ws/src/phantomx_package'
[0.110s] INFO:colcon.colcon_core.plugin_system:Skipping extension 'colcon_core.shell.bat': Not used on non-Windows systems
[0.110s] INFO:colcon.colcon_core.shell:Skip shell extension 'powershell' for command environment: Not usable outside of PowerShell
[0.110s] DEBUG:colcon.colcon_core.shell:Skip shell extension 'dsv' for command environment
[0.116s] DEBUG:colcon.colcon_core.event_handler.log_command:Invoking command in '/workspace/ros2_ws/build/phantomx_package': CMAKE_PREFIX_PATH=${CMAKE_PREFIX_PATH}:/opt/ros/jazzy /usr/bin/cmake --build /workspace/ros2_ws/build/phantomx_package -- -j16 -l16
[0.327s] DEBUG:colcon.colcon_core.event_handler.log_command:Invoked command in '/workspace/ros2_ws/build/phantomx_package' returned '0': CMAKE_PREFIX_PATH=${CMAKE_PREFIX_PATH}:/opt/ros/jazzy /usr/bin/cmake --build /workspace/ros2_ws/build/phantomx_package -- -j16 -l16
[0.333s] DEBUG:colcon.colcon_core.event_handler.log_command:Invoking command in '/workspace/ros2_ws/build/phantomx_package': CMAKE_PREFIX_PATH=${CMAKE_PREFIX_PATH}:/opt/ros/jazzy /usr/bin/cmake --install /workspace/ros2_ws/build/phantomx_package
[0.365s] Level 1:colcon.colcon_core.environment:create_environment_scripts_only(phantomx_package)
[0.365s] DEBUG:colcon.colcon_core.event_handler.log_command:Invoked command in '/workspace/ros2_ws/build/phantomx_package' returned '0': CMAKE_PREFIX_PATH=${CMAKE_PREFIX_PATH}:/opt/ros/jazzy /usr/bin/cmake --install /workspace/ros2_ws/build/phantomx_package
[0.367s] Level 1:colcon.colcon_core.environment:checking '/workspace/ros2_ws/install/phantomx_package' for CMake module files
[0.367s] Level 1:colcon.colcon_core.environment:checking '/workspace/ros2_ws/install/phantomx_package' for CMake config files
[0.367s] Level 1:colcon.colcon_core.shell:create_environment_hook('phantomx_package', 'cmake_prefix_path')
[0.367s] INFO:colcon.colcon_core.shell:Creating environment hook '/workspace/ros2_ws/install/phantomx_package/share/phantomx_package/hook/cmake_prefix_path.ps1'
[0.368s] INFO:colcon.colcon_core.shell:Creating environment descriptor '/workspace/ros2_ws/install/phantomx_package/share/phantomx_package/hook/cmake_prefix_path.dsv'
[0.368s] INFO:colcon.colcon_core.shell:Creating environment hook '/workspace/ros2_ws/install/phantomx_package/share/phantomx_package/hook/cmake_prefix_path.sh'
[0.368s] Level 1:colcon.colcon_core.environment:checking '/workspace/ros2_ws/install/phantomx_package/lib'
[0.369s] Level 1:colcon.colcon_core.environment:checking '/workspace/ros2_ws/install/phantomx_package/bin'
[0.369s] Level 1:colcon.colcon_core.environment:checking '/workspace/ros2_ws/install/phantomx_package/lib/pkgconfig/phantomx_package.pc'
[0.370s] Level 1:colcon.colcon_core.environment:checking '/workspace/ros2_ws/install/phantomx_package/lib/python3.12/site-packages'
[0.370s] Level 1:colcon.colcon_core.shell:create_environment_hook('phantomx_package', 'pythonpath')
[0.370s] INFO:colcon.colcon_core.shell:Creating environment hook '/workspace/ros2_ws/install/phantomx_package/share/phantomx_package/hook/pythonpath.ps1'
[0.370s] INFO:colcon.colcon_core.shell:Creating environment descriptor '/workspace/ros2_ws/install/phantomx_package/share/phantomx_package/hook/pythonpath.dsv'
[0.371s] INFO:colcon.colcon_core.shell:Creating environment hook '/workspace/ros2_ws/install/phantomx_package/share/phantomx_package/hook/pythonpath.sh'
[0.371s] Level 1:colcon.colcon_core.environment:checking '/workspace/ros2_ws/install/phantomx_package/bin'
[0.371s] INFO:colcon.colcon_core.shell:Creating package script '/workspace/ros2_ws/install/phantomx_package/share/phantomx_package/package.ps1'
[0.372s] INFO:colcon.colcon_core.shell:Creating package descriptor '/workspace/ros2_ws/install/phantomx_package/share/phantomx_package/package.dsv'
[0.372s] INFO:colcon.colcon_core.shell:Creating package script '/workspace/ros2_ws/install/phantomx_package/share/phantomx_package/package.sh'
[0.372s] INFO:colcon.colcon_core.shell:Creating package script '/workspace/ros2_ws/install/phantomx_package/share/phantomx_package/package.bash'
[0.372s] INFO:colcon.colcon_core.shell:Creating package script '/workspace/ros2_ws/install/phantomx_package/share/phantomx_package/package.zsh'
[0.373s] Level 1:colcon.colcon_core.environment:create_file_with_runtime_dependencies(/workspace/ros2_ws/install/phantomx_package/share/colcon-core/packages/phantomx_package)
[0.373s] Level 1:colcon.colcon_core.environment:create_environment_scripts_only(phantomx_package)
[0.373s] Level 1:colcon.colcon_core.environment:checking '/workspace/ros2_ws/install/phantomx_package' for CMake module files
[0.373s] Level 1:colcon.colcon_core.environment:checking '/workspace/ros2_ws/install/phantomx_package' for CMake config files
[0.374s] Level 1:colcon.colcon_core.shell:create_environment_hook('phantomx_package', 'cmake_prefix_path')
[0.374s] INFO:colcon.colcon_core.shell:Creating environment hook '/workspace/ros2_ws/install/phantomx_package/share/phantomx_package/hook/cmake_prefix_path.ps1'
[0.374s] INFO:colcon.colcon_core.shell:Creating environment descriptor '/workspace/ros2_ws/install/phantomx_package/share/phantomx_package/hook/cmake_prefix_path.dsv'
[0.374s] INFO:colcon.colcon_core.shell:Creating environment hook '/workspace/ros2_ws/install/phantomx_package/share/phantomx_package/hook/cmake_prefix_path.sh'
[0.374s] Level 1:colcon.colcon_core.environment:checking '/workspace/ros2_ws/install/phantomx_package/lib'
[0.374s] Level 1:colcon.colcon_core.environment:checking '/workspace/ros2_ws/install/phantomx_package/bin'
[0.374s] Level 1:colcon.colcon_core.environment:checking '/workspace/ros2_ws/install/phantomx_package/lib/pkgconfig/phantomx_package.pc'
[0.374s] Level 1:colcon.colcon_core.environment:checking '/workspace/ros2_ws/install/phantomx_package/lib/python3.12/site-packages'
[0.375s] Level 1:colcon.colcon_core.shell:create_environment_hook('phantomx_package', 'pythonpath')
[0.375s] INFO:colcon.colcon_core.shell:Creating environment hook '/workspace/ros2_ws/install/phantomx_package/share/phantomx_package/hook/pythonpath.ps1'
[0.375s] INFO:colcon.colcon_core.shell:Creating environment descriptor '/workspace/ros2_ws/install/phantomx_package/share/phantomx_package/hook/pythonpath.dsv'
[0.375s] INFO:colcon.colcon_core.shell:Creating environment hook '/workspace/ros2_ws/install/phantomx_package/share/phantomx_package/hook/pythonpath.sh'
[0.375s] Level 1:colcon.colcon_core.environment:checking '/workspace/ros2_ws/install/phantomx_package/bin'
[0.375s] INFO:colcon.colcon_core.shell:Creating package script '/workspace/ros2_ws/install/phantomx_package/share/phantomx_package/package.ps1'
[0.376s] INFO:colcon.colcon_core.shell:Creating package descriptor '/workspace/ros2_ws/install/phantomx_package/share/phantomx_package/package.dsv'
[0.376s] INFO:colcon.colcon_core.shell:Creating package script '/workspace/ros2_ws/install/phantomx_package/share/phantomx_package/package.sh'
[0.376s] INFO:colcon.colcon_core.shell:Creating package script '/workspace/ros2_ws/install/phantomx_package/share/phantomx_package/package.bash'
[0.376s] INFO:colcon.colcon_core.shell:Creating package script '/workspace/ros2_ws/install/phantomx_package/share/phantomx_package/package.zsh'
[0.377s] Level 1:colcon.colcon_core.environment:create_file_with_runtime_dependencies(/workspace/ros2_ws/install/phantomx_package/share/colcon-core/packages/phantomx_package)
[0.377s] DEBUG:colcon.colcon_parallel_executor.executor.parallel:closing loop
[0.377s] DEBUG:colcon.colcon_parallel_executor.executor.parallel:loop closed
[0.377s] DEBUG:colcon.colcon_parallel_executor.executor.parallel:run_until_complete finished with '0'
[0.377s] DEBUG:colcon.colcon_core.event_reactor:joining thread
[0.381s] INFO:colcon.colcon_core.plugin_system:Skipping extension 'colcon_notification.desktop_notification.notify_send': Could not find 'notify-send'
[0.381s] INFO:colcon.colcon_core.plugin_system:Skipping extension 'colcon_notification.desktop_notification.terminal_notifier': Not used on non-Darwin systems
[0.381s] INFO:colcon.colcon_core.plugin_system:Skipping extension 'colcon_notification.desktop_notification.win32': Not used on non-Windows systems
[0.381s] INFO:colcon.colcon_notification.desktop_notification:Sending desktop notification using 'notify2'
[0.382s] DEBUG:colcon.colcon_notification.desktop_notification.notify2:Failed to initialize notify2: org.freedesktop.DBus.Error.Spawn.ExecFailed: /usr/bin/dbus-launch terminated abnormally without any error message
[0.383s] DEBUG:colcon.colcon_core.event_reactor:joined thread
[0.383s] INFO:colcon.colcon_core.shell:Creating prefix script '/workspace/ros2_ws/install/local_setup.ps1'
[0.383s] INFO:colcon.colcon_core.shell:Creating prefix util module '/workspace/ros2_ws/install/_local_setup_util_ps1.py'
[0.384s] INFO:colcon.colcon_core.shell:Creating prefix chain script '/workspace/ros2_ws/install/setup.ps1'
[0.384s] INFO:colcon.colcon_core.shell:Creating prefix script '/workspace/ros2_ws/install/local_setup.sh'
[0.385s] INFO:colcon.colcon_core.shell:Creating prefix util module '/workspace/ros2_ws/install/_local_setup_util_sh.py'
[0.385s] INFO:colcon.colcon_core.shell:Creating prefix chain script '/workspace/ros2_ws/install/setup.sh'
[0.385s] INFO:colcon.colcon_core.shell:Creating prefix script '/workspace/ros2_ws/install/local_setup.bash'
[0.386s] INFO:colcon.colcon_core.shell:Creating prefix chain script '/workspace/ros2_ws/install/setup.bash'
[0.386s] INFO:colcon.colcon_core.shell:Creating prefix script '/workspace/ros2_ws/install/local_setup.zsh'
[0.386s] INFO:colcon.colcon_core.shell:Creating prefix chain script '/workspace/ros2_ws/install/setup.zsh'
