[0.007s] Invoking command in '/workspace/ros2_ws/build/phantomx_package': CMAKE_PREFIX_PATH=${CMAKE_PREFIX_PATH}:/opt/ros/jazzy /usr/bin/cmake --build /workspace/ros2_ws/build/phantomx_package -- -j16 -l16
[0.027s] -- Found ament_cmake: 2.5.6 (/opt/ros/jazzy/share/ament_cmake/cmake)
[0.156s] -- Found rclcpp: 28.1.18 (/opt/ros/jazzy/share/rclcpp/cmake)
[0.173s] -- Found rosidl_generator_c: 4.6.7 (/opt/ros/jazzy/share/rosidl_generator_c/cmake)
[0.179s] -- Found rosidl_generator_cpp: 4.6.7 (/opt/ros/jazzy/share/rosidl_generator_cpp/cmake)
[0.186s] -- Using all available rosidl_typesupport_c: rosidl_typesupport_fastrtps_c;rosidl_typesupport_introspection_c
[0.194s] -- Using all available rosidl_typesupport_cpp: rosidl_typesupport_fastrtps_cpp;rosidl_typesupport_introspection_cpp
[0.233s] -- Found rmw_implementation_cmake: 7.3.3 (/opt/ros/jazzy/share/rmw_implementation_cmake/cmake)
[0.234s] -- Found rmw_fastrtps_cpp: 8.4.3 (/opt/ros/jazzy/share/rmw_fastrtps_cpp/cmake)
[0.273s] -- Using RMW implementation 'rmw_fastrtps_cpp' as default
[0.312s] -- Found rclpy: 7.1.11 (/opt/ros/jazzy/share/rclpy/cmake)
[0.312s] -- Found std_msgs: 5.3.7 (/opt/ros/jazzy/share/std_msgs/cmake)
[0.320s] -- Found sensor_msgs: 5.3.7 (/opt/ros/jazzy/share/sensor_msgs/cmake)
[0.394s] -- Found ament_lint_auto: 0.17.5 (/opt/ros/jazzy/share/ament_lint_auto/cmake)
[0.452s] -- Added test 'flake8' to check Python code syntax and style conventions
[0.452s] -- Configured 'flake8' exclude dirs and/or files: 
[0.452s] -- Added test 'lint_cmake' to check CMake code style
[0.452s] -- Added test 'pep257' to check Python code against some of the docstring style conventions in PEP 257
[0.453s] -- Added test 'xmllint' to check XML markup files
[0.454s] -- Configuring done (0.4s)
[0.459s] -- Generating done (0.0s)
[0.461s] -- Build files have been written to: /workspace/ros2_ws/build/phantomx_package
[0.490s] Built target ament_cmake_python_copy_phantomx_package
[0.599s] running egg_info
[0.608s] writing phantomx_package.egg-info/PKG-INFO
[0.608s] writing dependency_links to phantomx_package.egg-info/dependency_links.txt
[0.608s] writing top-level names to phantomx_package.egg-info/top_level.txt
[0.632s] reading manifest file 'phantomx_package.egg-info/SOURCES.txt'
[0.633s] writing manifest file 'phantomx_package.egg-info/SOURCES.txt'
[0.650s] Built target ament_cmake_python_build_phantomx_package_egg
[0.658s] Invoked command in '/workspace/ros2_ws/build/phantomx_package' returned '0': CMAKE_PREFIX_PATH=${CMAKE_PREFIX_PATH}:/opt/ros/jazzy /usr/bin/cmake --build /workspace/ros2_ws/build/phantomx_package -- -j16 -l16
[0.665s] Invoking command in '/workspace/ros2_ws/build/phantomx_package': CMAKE_PREFIX_PATH=${CMAKE_PREFIX_PATH}:/opt/ros/jazzy /usr/bin/cmake --install /workspace/ros2_ws/build/phantomx_package
[0.670s] -- Install configuration: ""
[0.670s] -- Up-to-date: /workspace/ros2_ws/install/phantomx_package/share/phantomx_package/environment/pythonpath.sh
[0.670s] -- Up-to-date: /workspace/ros2_ws/install/phantomx_package/share/phantomx_package/environment/pythonpath.dsv
[0.670s] -- Up-to-date: /workspace/ros2_ws/install/phantomx_package/lib/python3.12/site-packages/phantomx_package-0.0.0-py3.12.egg-info
[0.670s] -- Installing: /workspace/ros2_ws/install/phantomx_package/lib/python3.12/site-packages/phantomx_package-0.0.0-py3.12.egg-info/SOURCES.txt
[0.670s] -- Installing: /workspace/ros2_ws/install/phantomx_package/lib/python3.12/site-packages/phantomx_package-0.0.0-py3.12.egg-info/top_level.txt
[0.670s] -- Installing: /workspace/ros2_ws/install/phantomx_package/lib/python3.12/site-packages/phantomx_package-0.0.0-py3.12.egg-info/PKG-INFO
[0.670s] -- Installing: /workspace/ros2_ws/install/phantomx_package/lib/python3.12/site-packages/phantomx_package-0.0.0-py3.12.egg-info/dependency_links.txt
[0.670s] -- Up-to-date: /workspace/ros2_ws/install/phantomx_package/lib/python3.12/site-packages/phantomx_package
[0.670s] -- Up-to-date: /workspace/ros2_ws/install/phantomx_package/lib/python3.12/site-packages/phantomx_package/__init__.py
[0.691s] Listing '/workspace/ros2_ws/install/phantomx_package/lib/python3.12/site-packages/phantomx_package'...
[0.694s] -- Installing: /workspace/ros2_ws/install/phantomx_package/lib/phantomx_package/phantomx_node_single_joint.py
[0.694s] [31mCMake Error at cmake_install.cmake:70 (file):
[0.694s]   file INSTALL cannot find
[0.694s]   "/workspace/ros2_ws/src/phantomx_package/scripts/phantomx_node_multi_joint.py":
[0.694s]   No such file or directory.
[0.694s] 
[0.694s] [0m
[0.695s] Invoked command in '/workspace/ros2_ws/build/phantomx_package' returned '1': CMAKE_PREFIX_PATH=${CMAKE_PREFIX_PATH}:/opt/ros/jazzy /usr/bin/cmake --install /workspace/ros2_ws/build/phantomx_package
