[0.008s] Invoking command in '/workspace/ros2_ws/build/phantomx_package': CMAKE_PREFIX_PATH=${CMAKE_PREFIX_PATH}:/opt/ros/jazzy /usr/bin/cmake --build /workspace/ros2_ws/build/phantomx_package -- -j16 -l16
[0.063s] Built target ament_cmake_python_copy_phantomx_package
[0.178s] running egg_info
[0.187s] writing phantomx_package.egg-info/PKG-INFO
[0.187s] writing dependency_links to phantomx_package.egg-info/dependency_links.txt
[0.187s] writing top-level names to phantomx_package.egg-info/top_level.txt
[0.210s] reading manifest file 'phantomx_package.egg-info/SOURCES.txt'
[0.211s] writing manifest file 'phantomx_package.egg-info/SOURCES.txt'
[0.227s] Built target ament_cmake_python_build_phantomx_package_egg
[0.235s] Invoked command in '/workspace/ros2_ws/build/phantomx_package' returned '0': CMAKE_PREFIX_PATH=${CMAKE_PREFIX_PATH}:/opt/ros/jazzy /usr/bin/cmake --build /workspace/ros2_ws/build/phantomx_package -- -j16 -l16
[0.242s] Invoking command in '/workspace/ros2_ws/build/phantomx_package': CMAKE_PREFIX_PATH=${CMAKE_PREFIX_PATH}:/opt/ros/jazzy /usr/bin/cmake --install /workspace/ros2_ws/build/phantomx_package
[0.249s] -- Install configuration: ""
[0.249s] -- Up-to-date: /workspace/ros2_ws/install/phantomx_package/share/phantomx_package/environment/pythonpath.sh
[0.249s] -- Up-to-date: /workspace/ros2_ws/install/phantomx_package/share/phantomx_package/environment/pythonpath.dsv
[0.249s] -- Up-to-date: /workspace/ros2_ws/install/phantomx_package/lib/python3.12/site-packages/phantomx_package-0.0.0-py3.12.egg-info
[0.249s] -- Installing: /workspace/ros2_ws/install/phantomx_package/lib/python3.12/site-packages/phantomx_package-0.0.0-py3.12.egg-info/SOURCES.txt
[0.250s] -- Installing: /workspace/ros2_ws/install/phantomx_package/lib/python3.12/site-packages/phantomx_package-0.0.0-py3.12.egg-info/top_level.txt
[0.250s] -- Installing: /workspace/ros2_ws/install/phantomx_package/lib/python3.12/site-packages/phantomx_package-0.0.0-py3.12.egg-info/PKG-INFO
[0.250s] -- Installing: /workspace/ros2_ws/install/phantomx_package/lib/python3.12/site-packages/phantomx_package-0.0.0-py3.12.egg-info/dependency_links.txt
[0.250s] -- Up-to-date: /workspace/ros2_ws/install/phantomx_package/lib/python3.12/site-packages/phantomx_package
[0.250s] -- Up-to-date: /workspace/ros2_ws/install/phantomx_package/lib/python3.12/site-packages/phantomx_package/__init__.py
[0.271s] Listing '/workspace/ros2_ws/install/phantomx_package/lib/python3.12/site-packages/phantomx_package'...
[0.275s] -- Up-to-date: /workspace/ros2_ws/install/phantomx_package/lib/phantomx_package/phantomx_node_single_joint.py
[0.275s] -- Installing: /workspace/ros2_ws/install/phantomx_package/lib/phantomx_package/phantomx_node_multi_joints.py
[0.275s] -- Up-to-date: /workspace/ros2_ws/install/phantomx_package/share/ament_index/resource_index/package_run_dependencies/phantomx_package
[0.275s] -- Up-to-date: /workspace/ros2_ws/install/phantomx_package/share/ament_index/resource_index/parent_prefix_path/phantomx_package
[0.275s] -- Up-to-date: /workspace/ros2_ws/install/phantomx_package/share/phantomx_package/environment/ament_prefix_path.sh
[0.275s] -- Up-to-date: /workspace/ros2_ws/install/phantomx_package/share/phantomx_package/environment/ament_prefix_path.dsv
[0.275s] -- Up-to-date: /workspace/ros2_ws/install/phantomx_package/share/phantomx_package/environment/path.sh
[0.275s] -- Up-to-date: /workspace/ros2_ws/install/phantomx_package/share/phantomx_package/environment/path.dsv
[0.275s] -- Up-to-date: /workspace/ros2_ws/install/phantomx_package/share/phantomx_package/local_setup.bash
[0.276s] -- Up-to-date: /workspace/ros2_ws/install/phantomx_package/share/phantomx_package/local_setup.sh
[0.276s] -- Up-to-date: /workspace/ros2_ws/install/phantomx_package/share/phantomx_package/local_setup.zsh
[0.276s] -- Up-to-date: /workspace/ros2_ws/install/phantomx_package/share/phantomx_package/local_setup.dsv
[0.276s] -- Installing: /workspace/ros2_ws/install/phantomx_package/share/phantomx_package/package.dsv
[0.276s] -- Up-to-date: /workspace/ros2_ws/install/phantomx_package/share/ament_index/resource_index/packages/phantomx_package
[0.276s] -- Up-to-date: /workspace/ros2_ws/install/phantomx_package/share/phantomx_package/cmake/phantomx_packageConfig.cmake
[0.276s] -- Up-to-date: /workspace/ros2_ws/install/phantomx_package/share/phantomx_package/cmake/phantomx_packageConfig-version.cmake
[0.276s] -- Up-to-date: /workspace/ros2_ws/install/phantomx_package/share/phantomx_package/package.xml
[0.277s] Invoked command in '/workspace/ros2_ws/build/phantomx_package' returned '0': CMAKE_PREFIX_PATH=${CMAKE_PREFIX_PATH}:/opt/ros/jazzy /usr/bin/cmake --install /workspace/ros2_ws/build/phantomx_package
