[0.009s] Invoking command in '/workspace/ros2_ws/build/phantomx_package': CMAKE_PREFIX_PATH=${CMAKE_PREFIX_PATH}:/opt/ros/jazzy /usr/bin/cmake /workspace/ros2_ws/src/phantomx_package -DCMAKE_INSTALL_PREFIX=/workspace/ros2_ws/install/phantomx_package
[0.107s] -- The C compiler identification is GNU 13.3.0
[0.177s] -- The CXX compiler identification is GNU 13.3.0
[0.190s] -- Detecting C compiler ABI info
[0.256s] -- Detecting C compiler ABI info - done
[0.261s] -- Check for working C compiler: /usr/bin/cc - skipped
[0.262s] -- Detecting C compile features
[0.262s] -- Detecting C compile features - done
[0.269s] -- Detecting CXX compiler ABI info
[0.335s] -- Detecting CXX compiler ABI info - done
[0.341s] -- Check for working CXX compiler: /usr/bin/c++ - skipped
[0.341s] -- Detecting CXX compile features
[0.342s] -- Detecting CXX compile features - done
[0.346s] -- Found ament_cmake: 2.5.6 (/opt/ros/jazzy/share/ament_cmake/cmake)
[0.438s] -- Found Python3: /usr/bin/python3 (found version "3.12.3") found components: Interpreter 
[0.514s] -- Found rclcpp: 28.1.18 (/opt/ros/jazzy/share/rclcpp/cmake)
[0.549s] -- Found rosidl_generator_c: 4.6.7 (/opt/ros/jazzy/share/rosidl_generator_c/cmake)
[0.561s] -- Found rosidl_generator_cpp: 4.6.7 (/opt/ros/jazzy/share/rosidl_generator_cpp/cmake)
[0.575s] -- Using all available rosidl_typesupport_c: rosidl_typesupport_fastrtps_c;rosidl_typesupport_introspection_c
[0.589s] -- Using all available rosidl_typesupport_cpp: rosidl_typesupport_fastrtps_cpp;rosidl_typesupport_introspection_cpp
[0.651s] -- Found rmw_implementation_cmake: 7.3.3 (/opt/ros/jazzy/share/rmw_implementation_cmake/cmake)
[0.653s] -- Found rmw_fastrtps_cpp: 8.4.3 (/opt/ros/jazzy/share/rmw_fastrtps_cpp/cmake)
[0.713s] -- Found OpenSSL: /usr/lib/x86_64-linux-gnu/libcrypto.so (found version "3.0.13")  
[0.725s] -- Found FastRTPS: /opt/ros/jazzy/include (Required is at least version "2.13") 
[0.740s] -- Using RMW implementation 'rmw_fastrtps_cpp' as default
[0.796s] -- Found std_msgs: 5.3.7 (/opt/ros/jazzy/share/std_msgs/cmake)
[0.809s] -- Found ament_lint_auto: 0.17.5 (/opt/ros/jazzy/share/ament_lint_auto/cmake)
[0.878s] -- Added test 'cppcheck' to perform static code analysis on C / C++ code
[0.878s] -- Configured cppcheck include dirs: $<BUILD_INTERFACE:/workspace/ros2_ws/src/phantomx_package/include>
[0.878s] -- Configured cppcheck exclude dirs and/or files: 
[0.879s] -- Added test 'lint_cmake' to check CMake code style
[0.880s] -- Added test 'uncrustify' to check C / C++ code style
[0.880s] -- Configured uncrustify additional arguments: 
[0.881s] -- Added test 'xmllint' to check XML markup files
[0.882s] -- Configuring done (0.9s)
[0.892s] -- Generating done (0.0s)
[0.895s] -- Build files have been written to: /workspace/ros2_ws/build/phantomx_package
[0.902s] Invoked command in '/workspace/ros2_ws/build/phantomx_package' returned '0': CMAKE_PREFIX_PATH=${CMAKE_PREFIX_PATH}:/opt/ros/jazzy /usr/bin/cmake /workspace/ros2_ws/src/phantomx_package -DCMAKE_INSTALL_PREFIX=/workspace/ros2_ws/install/phantomx_package
[0.903s] Invoking command in '/workspace/ros2_ws/build/phantomx_package': CMAKE_PREFIX_PATH=${CMAKE_PREFIX_PATH}:/opt/ros/jazzy /usr/bin/cmake --build /workspace/ros2_ws/build/phantomx_package -- -j16 -l16
[0.939s] [ 50%] [32mBuilding CXX object CMakeFiles/phantomx_node.dir/src/phantomx_node.cpp.o[0m
[0.974s] [100%] [32m[1mLinking CXX executable phantomx_node[0m
[1.036s] [100%] Built target phantomx_node
[1.043s] Invoked command in '/workspace/ros2_ws/build/phantomx_package' returned '0': CMAKE_PREFIX_PATH=${CMAKE_PREFIX_PATH}:/opt/ros/jazzy /usr/bin/cmake --build /workspace/ros2_ws/build/phantomx_package -- -j16 -l16
[1.050s] Invoking command in '/workspace/ros2_ws/build/phantomx_package': CMAKE_PREFIX_PATH=${CMAKE_PREFIX_PATH}:/opt/ros/jazzy /usr/bin/cmake --install /workspace/ros2_ws/build/phantomx_package
[1.055s] -- Install configuration: ""
[1.055s] -- Installing: /workspace/ros2_ws/install/phantomx_package/lib/phantomx_package/phantomx_node
[1.056s] -- Set non-toolchain portion of runtime path of "/workspace/ros2_ws/install/phantomx_package/lib/phantomx_package/phantomx_node" to ""
[1.056s] -- Installing: /workspace/ros2_ws/install/phantomx_package/share/ament_index/resource_index/package_run_dependencies/phantomx_package
[1.056s] -- Installing: /workspace/ros2_ws/install/phantomx_package/share/ament_index/resource_index/parent_prefix_path/phantomx_package
[1.056s] -- Installing: /workspace/ros2_ws/install/phantomx_package/share/phantomx_package/environment/ament_prefix_path.sh
[1.056s] -- Installing: /workspace/ros2_ws/install/phantomx_package/share/phantomx_package/environment/ament_prefix_path.dsv
[1.056s] -- Installing: /workspace/ros2_ws/install/phantomx_package/share/phantomx_package/environment/path.sh
[1.056s] -- Installing: /workspace/ros2_ws/install/phantomx_package/share/phantomx_package/environment/path.dsv
[1.056s] -- Installing: /workspace/ros2_ws/install/phantomx_package/share/phantomx_package/local_setup.bash
[1.057s] -- Installing: /workspace/ros2_ws/install/phantomx_package/share/phantomx_package/local_setup.sh
[1.057s] -- Installing: /workspace/ros2_ws/install/phantomx_package/share/phantomx_package/local_setup.zsh
[1.057s] -- Installing: /workspace/ros2_ws/install/phantomx_package/share/phantomx_package/local_setup.dsv
[1.057s] -- Installing: /workspace/ros2_ws/install/phantomx_package/share/phantomx_package/package.dsv
[1.057s] -- Installing: /workspace/ros2_ws/install/phantomx_package/share/ament_index/resource_index/packages/phantomx_package
[1.057s] -- Installing: /workspace/ros2_ws/install/phantomx_package/share/phantomx_package/cmake/phantomx_packageConfig.cmake
[1.057s] -- Installing: /workspace/ros2_ws/install/phantomx_package/share/phantomx_package/cmake/phantomx_packageConfig-version.cmake
[1.057s] -- Installing: /workspace/ros2_ws/install/phantomx_package/share/phantomx_package/package.xml
[1.059s] Invoked command in '/workspace/ros2_ws/build/phantomx_package' returned '0': CMAKE_PREFIX_PATH=${CMAKE_PREFIX_PATH}:/opt/ros/jazzy /usr/bin/cmake --install /workspace/ros2_ws/build/phantomx_package
