[0.007s] Invoking command in '/workspace/ros2_ws/build/phantomx_package': CMAKE_PREFIX_PATH=${CMAKE_PREFIX_PATH}:/opt/ros/jazzy /usr/bin/cmake --build /workspace/ros2_ws/build/phantomx_package -- -j16 -l16
[0.048s] Built target ament_cmake_python_copy_phantomx_package
[0.163s] running egg_info
[0.173s] writing phantomx_package.egg-info/PKG-INFO
[0.173s] writing dependency_links to phantomx_package.egg-info/dependency_links.txt
[0.173s] writing top-level names to phantomx_package.egg-info/top_level.txt
[0.200s] reading manifest file 'phantomx_package.egg-info/SOURCES.txt'
[0.200s] writing manifest file 'phantomx_package.egg-info/SOURCES.txt'
[0.217s] Built target ament_cmake_python_build_phantomx_package_egg
[0.225s] Invoked command in '/workspace/ros2_ws/build/phantomx_package' returned '0': CMAKE_PREFIX_PATH=${CMAKE_PREFIX_PATH}:/opt/ros/jazzy /usr/bin/cmake --build /workspace/ros2_ws/build/phantomx_package -- -j16 -l16
[0.231s] Invoking command in '/workspace/ros2_ws/build/phantomx_package': CMAKE_PREFIX_PATH=${CMAKE_PREFIX_PATH}:/opt/ros/jazzy /usr/bin/cmake --install /workspace/ros2_ws/build/phantomx_package
[0.236s] -- Install configuration: ""
[0.236s] -- Up-to-date: /workspace/ros2_ws/install/phantomx_package/share/phantomx_package/environment/pythonpath.sh
[0.236s] -- Up-to-date: /workspace/ros2_ws/install/phantomx_package/share/phantomx_package/environment/pythonpath.dsv
[0.236s] -- Up-to-date: /workspace/ros2_ws/install/phantomx_package/lib/python3.12/site-packages/phantomx_package-0.0.0-py3.12.egg-info
[0.236s] -- Installing: /workspace/ros2_ws/install/phantomx_package/lib/python3.12/site-packages/phantomx_package-0.0.0-py3.12.egg-info/SOURCES.txt
[0.236s] -- Installing: /workspace/ros2_ws/install/phantomx_package/lib/python3.12/site-packages/phantomx_package-0.0.0-py3.12.egg-info/top_level.txt
[0.236s] -- Installing: /workspace/ros2_ws/install/phantomx_package/lib/python3.12/site-packages/phantomx_package-0.0.0-py3.12.egg-info/PKG-INFO
[0.236s] -- Installing: /workspace/ros2_ws/install/phantomx_package/lib/python3.12/site-packages/phantomx_package-0.0.0-py3.12.egg-info/dependency_links.txt
[0.237s] -- Up-to-date: /workspace/ros2_ws/install/phantomx_package/lib/python3.12/site-packages/phantomx_package
[0.237s] -- Up-to-date: /workspace/ros2_ws/install/phantomx_package/lib/python3.12/site-packages/phantomx_package/__init__.py
[0.258s] Listing '/workspace/ros2_ws/install/phantomx_package/lib/python3.12/site-packages/phantomx_package'...
[0.261s] -- Up-to-date: /workspace/ros2_ws/install/phantomx_package/share/phantomx_package/launch
[0.261s] -- Up-to-date: /workspace/ros2_ws/install/phantomx_package/share/phantomx_package/launch/__pycache__
[0.261s] -- Up-to-date: /workspace/ros2_ws/install/phantomx_package/share/phantomx_package/launch/__pycache__/launch_phantomx_policycontroll.launch.cpython-312.pyc
[0.261s] -- Up-to-date: /workspace/ros2_ws/install/phantomx_package/share/phantomx_package/launch/launch_phantomx_policycontroll.launch.py
[0.261s] -- Up-to-date: /workspace/ros2_ws/install/phantomx_package/share/phantomx_package/scripts
[0.261s] -- Up-to-date: /workspace/ros2_ws/install/phantomx_package/share/phantomx_package/scripts/controll_joints
[0.261s] -- Up-to-date: /workspace/ros2_ws/install/phantomx_package/share/phantomx_package/scripts/controll_joints/phantomx_node_multi_joints.py
[0.261s] -- Up-to-date: /workspace/ros2_ws/install/phantomx_package/share/phantomx_package/scripts/controll_joints/phantomx_node_single_joint.py
[0.261s] -- Up-to-date: /workspace/ros2_ws/install/phantomx_package/share/phantomx_package/scripts/policy
[0.261s] -- Up-to-date: /workspace/ros2_ws/install/phantomx_package/share/phantomx_package/scripts/policy/phantomx_apply_policy.py
[0.261s] -- Up-to-date: /workspace/ros2_ws/install/phantomx_package/share/phantomx_package/scripts/policy/policy.pt
[0.261s] -- Up-to-date: /workspace/ros2_ws/install/phantomx_package/share/phantomx_package/scripts/policy/template_phantomx_thesis_direct_v0_IO_descriptors.yaml
[0.261s] -- Up-to-date: /workspace/ros2_ws/install/phantomx_package/share/phantomx_package/src
[0.261s] -- Up-to-date: /workspace/ros2_ws/install/phantomx_package/share/phantomx_package/src/fake_imu_data.py
[0.261s] -- Up-to-date: /workspace/ros2_ws/install/phantomx_package/share/phantomx_package/src/export_policy.py
[0.261s] -- Up-to-date: /workspace/ros2_ws/install/phantomx_package/share/phantomx_package/src/phantomx_manual_node.py
[0.261s] -- Up-to-date: /workspace/ros2_ws/install/phantomx_package/share/phantomx_package/src/fake_joint_state.py
[0.261s] -- Up-to-date: /workspace/ros2_ws/install/phantomx_package/lib/phantomx_package/phantomx_node_single_joint.py
[0.261s] -- Up-to-date: /workspace/ros2_ws/install/phantomx_package/lib/phantomx_package/phantomx_node_multi_joints.py
[0.261s] -- Up-to-date: /workspace/ros2_ws/install/phantomx_package/lib/phantomx_package/phantomx_apply_policy.py
[0.261s] -- Up-to-date: /workspace/ros2_ws/install/phantomx_package/lib/phantomx_package/launch_phantomx_policycontroll.launch.py
[0.262s] -- Up-to-date: /workspace/ros2_ws/install/phantomx_package/lib/phantomx_package/fake_imu_data.py
[0.262s] -- Up-to-date: /workspace/ros2_ws/install/phantomx_package/lib/phantomx_package/fake_joint_state.py
[0.262s] -- Up-to-date: /workspace/ros2_ws/install/phantomx_package/share/ament_index/resource_index/package_run_dependencies/phantomx_package
[0.262s] -- Up-to-date: /workspace/ros2_ws/install/phantomx_package/share/ament_index/resource_index/parent_prefix_path/phantomx_package
[0.262s] -- Up-to-date: /workspace/ros2_ws/install/phantomx_package/share/phantomx_package/environment/ament_prefix_path.sh
[0.262s] -- Up-to-date: /workspace/ros2_ws/install/phantomx_package/share/phantomx_package/environment/ament_prefix_path.dsv
[0.262s] -- Up-to-date: /workspace/ros2_ws/install/phantomx_package/share/phantomx_package/environment/path.sh
[0.262s] -- Up-to-date: /workspace/ros2_ws/install/phantomx_package/share/phantomx_package/environment/path.dsv
[0.262s] -- Up-to-date: /workspace/ros2_ws/install/phantomx_package/share/phantomx_package/local_setup.bash
[0.262s] -- Up-to-date: /workspace/ros2_ws/install/phantomx_package/share/phantomx_package/local_setup.sh
[0.262s] -- Up-to-date: /workspace/ros2_ws/install/phantomx_package/share/phantomx_package/local_setup.zsh
[0.262s] -- Up-to-date: /workspace/ros2_ws/install/phantomx_package/share/phantomx_package/local_setup.dsv
[0.262s] -- Installing: /workspace/ros2_ws/install/phantomx_package/share/phantomx_package/package.dsv
[0.262s] -- Up-to-date: /workspace/ros2_ws/install/phantomx_package/share/ament_index/resource_index/packages/phantomx_package
[0.262s] -- Up-to-date: /workspace/ros2_ws/install/phantomx_package/share/phantomx_package/cmake/phantomx_packageConfig.cmake
[0.262s] -- Up-to-date: /workspace/ros2_ws/install/phantomx_package/share/phantomx_package/cmake/phantomx_packageConfig-version.cmake
[0.262s] -- Up-to-date: /workspace/ros2_ws/install/phantomx_package/share/phantomx_package/package.xml
[0.263s] Invoked command in '/workspace/ros2_ws/build/phantomx_package' returned '0': CMAKE_PREFIX_PATH=${CMAKE_PREFIX_PATH}:/opt/ros/jazzy /usr/bin/cmake --install /workspace/ros2_ws/build/phantomx_package
